2026-05-09 11:16:07 - Delete started - ID: EygvtFY_qQvDjXIIhTr2XWf5QxDI8Gt2MbUSaLGKvA**
2026-05-09 11:16:07 - Permission OK
2026-05-09 11:16:07 - Decrypted ID: 332
2026-05-09 11:16:07 - Person found: YES
2026-05-09 11:16:07 - Firm mismatch: 94 vs 1
2026-05-09 11:16:07 - Error: Bu personeli silme yetkiniz yok.
2026-05-09 11:54:26 - Delete started - ID: 76qubhgibUvXQS1Sl_qw-bT6Fi2o6G0ttecyQojiyg**
2026-05-09 11:54:26 - Permission OK
2026-05-09 11:54:26 - Decrypted ID: 333
2026-05-09 11:54:26 - Person found: YES
2026-05-09 11:54:26 - Soft delete OK
2026-05-09 17:37:25 - Delete started - ID: 8gVfwnk2eSQQ7tDCSBkvQmPBlHswj9GzKJr0iBCp-g**
2026-05-09 17:37:25 - Permission OK
2026-05-09 17:37:25 - Decrypted ID: 332
2026-05-09 17:37:25 - Person found: YES
2026-05-09 17:37:25 - Soft delete OK
2026-05-09 17:39:18 - Delete started - ID: w79F0uRGs4ZExFKdP3b9ZhCyN4l1OOFQ93XDUtAM7w**
2026-05-09 17:39:18 - Permission OK
2026-05-09 17:39:18 - Decrypted ID: 335
2026-05-09 17:39:18 - Person found: YES
2026-05-09 17:39:18 - Soft delete OK
2026-05-09 18:59:57 - Bulk delete started
2026-05-09 18:59:57 - Permission OK
